# JRE version: OpenJDK Runtime Environment (8.0_242-b01) (build 1.8.0_242-release-1644-b01)
# Java VM: OpenJDK 64-Bit Server VM (25.242-b01 mixed mode windows-amd64 compressed oops)
Heap:
 PSYoungGen      total 497664K, used 199622K [0x00000000d5580000, 0x0000000100000000, 0x0000000100000000)
  eden space 306688K, 45% used [0x00000000d5580000,0x00000000ddc473c0,0x00000000e8100000)
  from space 190976K, 32% used [0x00000000f3680000,0x00000000f72aa6a8,0x00000000ff100000)
  to   space 185856K, 0% used [0x00000000e8100000,0x00000000e8100000,0x00000000f3680000)
 ParOldGen       total 335360K, used 266154K [0x0000000080000000, 0x0000000094780000, 0x00000000d5580000)
  object space 335360K, 79% used [0x0000000080000000,0x00000000903eabd0,0x0000000094780000)
 Metaspace       used 234257K, capacity 250209K, committed 250392K, reserved 1267712K
  class space    used 29389K, capacity 32535K, committed 32560K, reserved 1048576K
GC Heap History (10 events):
Event: 5241.554 GC heap before
{Heap before GC invocations=83 (full 9):
 PSYoungGen      total 519168K, used 519163K [0x00000000d5580000, 0x0000000100000000, 0x0000000100000000)
  eden space 381952K, 100% used [0x00000000d5580000,0x00000000eca80000,0x00000000eca80000)
  from space 137216K, 99% used [0x00000000eca80000,0x00000000f507ec88,0x00000000f5080000)
  to   space 167424K, 0% used [0x00000000f5c80000,0x00000000f5c80000,0x0000000100000000)
 ParOldGen       total 335360K, used 215311K [0x0000000080000000, 0x0000000094780000, 0x00000000d5580000)
  object space 335360K, 64% used [0x0000000080000000,0x000000008d243f98,0x0000000094780000)
 Metaspace       used 230184K, capacity 245959K, committed 246168K, reserved 1263616K
  class space    used 28981K, capacity 32100K, committed 32176K, reserved 1048576K
Event: 5241.713 GC heap after
Heap after GC invocations=83 (full 9):
 PSYoungGen      total 498688K, used 141791K [0x00000000d5580000, 0x0000000100000000, 0x0000000100000000)
  eden space 331264K, 0% used [0x00000000d5580000,0x00000000d5580000,0x00000000e9900000)
  from space 167424K, 84% used [0x00000000f5c80000,0x00000000fe6f7ea8,0x0000000100000000)
  to   space 183808K, 0% used [0x00000000e9900000,0x00000000e9900000,0x00000000f4c80000)
 ParOldGen       total 335360K, used 218566K [0x0000000080000000, 0x0000000094780000, 0x00000000d5580000)
  object space 335360K, 65% used [0x0000000080000000,0x000000008d571998,0x0000000094780000)
 Metaspace       used 230184K, capacity 245959K, committed 246168K, reserved 1263616K
  class space    used 28981K, capacity 32100K, committed 32176K, reserved 1048576K
}
Event: 5242.866 GC heap before
{Heap before GC invocations=84 (full 9):
 PSYoungGen      total 498688K, used 473055K [0x00000000d5580000, 0x0000000100000000, 0x0000000100000000)
  eden space 331264K, 100% used [0x00000000d5580000,0x00000000e9900000,0x00000000e9900000)
  from space 167424K, 84% used [0x00000000f5c80000,0x00000000fe6f7ea8,0x0000000100000000)
  to   space 183808K, 0% used [0x00000000e9900000,0x00000000e9900000,0x00000000f4c80000)
 ParOldGen       total 335360K, used 218566K [0x0000000080000000, 0x0000000094780000, 0x00000000d5580000)
  object space 335360K, 65% used [0x0000000080000000,0x000000008d571998,0x0000000094780000)
 Metaspace       used 233303K, capacity 249207K, committed 249240K, reserved 1265664K
  class space    used 29304K, capacity 32432K, committed 32432K, reserved 1048576K
Event: 5242.958 GC heap after
Heap after GC invocations=84 (full 9):
 PSYoungGen      total 472576K, used 141103K [0x00000000d5580000, 0x0000000100000000, 0x0000000100000000)
  eden space 331264K, 0% used [0x00000000d5580000,0x00000000d5580000,0x00000000e9900000)
  from space 141312K, 99% used [0x00000000e9900000,0x00000000f22cbf10,0x00000000f2300000)
  to   space 196096K, 0% used [0x00000000f4080000,0x00000000f4080000,0x0000000100000000)
 ParOldGen       total 335360K, used 218574K [0x0000000080000000, 0x0000000094780000, 0x00000000d5580000)
  object space 335360K, 65% used [0x0000000080000000,0x000000008d573998,0x0000000094780000)
 Metaspace       used 233303K, capacity 249207K, committed 249240K, reserved 1265664K
  class space    used 29304K, capacity 32432K, committed 32432K, reserved 1048576K
}
Event: 5243.696 GC heap before
{Heap before GC invocations=85 (full 9):
 PSYoungGen      total 472576K, used 472367K [0x00000000d5580000, 0x0000000100000000, 0x0000000100000000)
  eden space 331264K, 100% used [0x00000000d5580000,0x00000000e9900000,0x00000000e9900000)
  from space 141312K, 99% used [0x00000000e9900000,0x00000000f22cbf10,0x00000000f2300000)
  to   space 196096K, 0% used [0x00000000f4080000,0x00000000f4080000,0x0000000100000000)
 ParOldGen       total 335360K, used 218574K [0x0000000080000000, 0x0000000094780000, 0x00000000d5580000)
  object space 335360K, 65% used [0x0000000080000000,0x000000008d573998,0x0000000094780000)
 Metaspace       used 233542K, capacity 249421K, committed 249624K, reserved 1265664K
  class space    used 29318K, capacity 32433K, committed 32560K, reserved 1048576K
Event: 5243.805 GC heap after
Heap after GC invocations=85 (full 9):
 PSYoungGen      total 492544K, used 130193K [0x00000000d5580000, 0x0000000100000000, 0x0000000100000000)
  eden space 296448K, 0% used [0x00000000d5580000,0x00000000d5580000,0x00000000e7700000)
  from space 196096K, 66% used [0x00000000f4080000,0x00000000fbfa4430,0x0000000100000000)
  to   space 201216K, 0% used [0x00000000e7700000,0x00000000e7700000,0x00000000f3b80000)
 ParOldGen       total 335360K, used 223556K [0x0000000080000000, 0x0000000094780000, 0x00000000d5580000)
  object space 335360K, 66% used [0x0000000080000000,0x000000008da510c8,0x0000000094780000)
 Metaspace       used 233542K, capacity 249421K, committed 249624K, reserved 1265664K
  class space    used 29318K, capacity 32433K, committed 32560K, reserved 1048576K
}
Event: 5244.710 GC heap before
{Heap before GC invocations=86 (full 9):
 PSYoungGen      total 492544K, used 426641K [0x00000000d5580000, 0x0000000100000000, 0x0000000100000000)
  eden space 296448K, 100% used [0x00000000d5580000,0x00000000e7700000,0x00000000e7700000)
  from space 196096K, 66% used [0x00000000f4080000,0x00000000fbfa4430,0x0000000100000000)
  to   space 201216K, 0% used [0x00000000e7700000,0x00000000e7700000,0x00000000f3b80000)
 ParOldGen       total 335360K, used 223556K [0x0000000080000000, 0x0000000094780000, 0x00000000d5580000)
  object space 335360K, 66% used [0x0000000080000000,0x000000008da510c8,0x0000000094780000)
 Metaspace       used 233785K, capacity 249691K, committed 249880K, reserved 1267712K
  class space    used 29349K, capacity 32488K, committed 32560K, reserved 1048576K
Event: 5245.227 GC heap after
Heap after GC invocations=86 (full 9):
 PSYoungGen      total 382976K, used 86527K [0x00000000d5580000, 0x00000000ff100000, 0x0000000100000000)
  eden space 296448K, 0% used [0x00000000d5580000,0x00000000d5580000,0x00000000e7700000)
  from space 86528K, 99% used [0x00000000e7700000,0x00000000ecb7fd80,0x00000000ecb80000)
  to   space 190976K, 0% used [0x00000000f3680000,0x00000000f3680000,0x00000000ff100000)
 ParOldGen       total 335360K, used 247890K [0x0000000080000000, 0x0000000094780000, 0x00000000d5580000)
  object space 335360K, 73% used [0x0000000080000000,0x000000008f2148b8,0x0000000094780000)
 Metaspace       used 233785K, capacity 249691K, committed 249880K, reserved 1267712K
  class space    used 29349K, capacity 32488K, committed 32560K, reserved 1048576K
}
Event: 5247.092 GC heap before
{Heap before GC invocations=87 (full 9):
 PSYoungGen      total 382976K, used 382975K [0x00000000d5580000, 0x00000000ff100000, 0x0000000100000000)
  eden space 296448K, 100% used [0x00000000d5580000,0x00000000e7700000,0x00000000e7700000)
  from space 86528K, 99% used [0x00000000e7700000,0x00000000ecb7fd80,0x00000000ecb80000)
  to   space 190976K, 0% used [0x00000000f3680000,0x00000000f3680000,0x00000000ff100000)
 ParOldGen       total 335360K, used 247890K [0x0000000080000000, 0x0000000094780000, 0x00000000d5580000)
  object space 335360K, 73% used [0x0000000080000000,0x000000008f2148b8,0x0000000094780000)
 Metaspace       used 233938K, capacity 249843K, committed 250136K, reserved 1267712K
  class space    used 29356K, capacity 32490K, committed 32560K, reserved 1048576K
Event: 5247.168 GC heap after
Heap after GC invocations=87 (full 9):
 PSYoungGen      total 497664K, used 61609K [0x00000000d5580000, 0x0000000100000000, 0x0000000100000000)
  eden space 306688K, 0% used [0x00000000d5580000,0x00000000d5580000,0x00000000e8100000)
  from space 190976K, 32% used [0x00000000f3680000,0x00000000f72aa6a8,0x00000000ff100000)
  to   space 185856K, 0% used [0x00000000e8100000,0x00000000e8100000,0x00000000f3680000)
 ParOldGen       total 335360K, used 266154K [0x0000000080000000, 0x0000000094780000, 0x00000000d5580000)
  object space 335360K, 79% used [0x0000000080000000,0x00000000903eabd0,0x0000000094780000)
 Metaspace       used 233938K, capacity 249843K, committed 250136K, reserved 1267712K
  class space    used 29356K, capacity 32490K, committed 32560K, reserved 1048576K
}

