# JRE version: OpenJDK Runtime Environment (8.0_242-b01) (build 1.8.0_242-release-1644-b01)
# Java VM: OpenJDK 64-Bit Server VM (25.242-b01 mixed mode windows-amd64 compressed oops)
Heap:
 PSYoungGen      total 566272K, used 180520K [0x00000000d5580000, 0x0000000100000000, 0x0000000100000000)
  eden space 524800K, 26% used [0x00000000d5580000,0x00000000ddd51ce8,0x00000000f5600000)
  from space 41472K, 99% used [0x00000000f5600000,0x00000000f7e784e8,0x00000000f7e80000)
  to   space 54784K, 0% used [0x00000000fca80000,0x00000000fca80000,0x0000000100000000)
 ParOldGen       total 124928K, used 91568K [0x0000000080000000, 0x0000000087a00000, 0x00000000d5580000)
  object space 124928K, 73% used [0x0000000080000000,0x000000008596c280,0x0000000087a00000)
 Metaspace       used 96919K, capacity 101350K, committed 102424K, reserved 1138688K
  class space    used 12411K, capacity 13306K, committed 13616K, reserved 1048576K
GC Heap History (10 events):
Event: 3687.054 GC heap before
{Heap before GC invocations=17 (full 3):
 PSYoungGen      total 455168K, used 455157K [0x00000000d5580000, 0x00000000faa00000, 0x0000000100000000)
  eden space 433152K, 100% used [0x00000000d5580000,0x00000000efc80000,0x00000000efc80000)
  from space 22016K, 99% used [0x00000000efc80000,0x00000000f11fd428,0x00000000f1200000)
  to   space 31232K, 0% used [0x00000000f8b80000,0x00000000f8b80000,0x00000000faa00000)
 ParOldGen       total 124928K, used 60781K [0x0000000080000000, 0x0000000087a00000, 0x00000000d5580000)
  object space 124928K, 48% used [0x0000000080000000,0x0000000083b5b638,0x0000000087a00000)
 Metaspace       used 87090K, capacity 91532K, committed 91800K, reserved 1128448K
  class space    used 11421K, capacity 12343K, committed 12464K, reserved 1048576K
Event: 3694.047 GC heap after
Heap after GC invocations=17 (full 3):
 PSYoungGen      total 550912K, used 18325K [0x00000000d5580000, 0x00000000f9d80000, 0x0000000100000000)
  eden space 532480K, 0% used [0x00000000d5580000,0x00000000d5580000,0x00000000f5d80000)
  from space 18432K, 99% used [0x00000000f8b80000,0x00000000f9d656e8,0x00000000f9d80000)
  to   space 31744K, 0% used [0x00000000f5f80000,0x00000000f5f80000,0x00000000f7e80000)
 ParOldGen       total 124928K, used 81067K [0x0000000080000000, 0x0000000087a00000, 0x00000000d5580000)
  object space 124928K, 64% used [0x0000000080000000,0x0000000084f2ae40,0x0000000087a00000)
 Metaspace       used 87090K, capacity 91532K, committed 91800K, reserved 1128448K
  class space    used 11421K, capacity 12343K, committed 12464K, reserved 1048576K
}
Event: 4251.827 GC heap before
{Heap before GC invocations=18 (full 3):
 PSYoungGen      total 550912K, used 550805K [0x00000000d5580000, 0x00000000f9d80000, 0x0000000100000000)
  eden space 532480K, 100% used [0x00000000d5580000,0x00000000f5d80000,0x00000000f5d80000)
  from space 18432K, 99% used [0x00000000f8b80000,0x00000000f9d656e8,0x00000000f9d80000)
  to   space 31744K, 0% used [0x00000000f5f80000,0x00000000f5f80000,0x00000000f7e80000)
 ParOldGen       total 124928K, used 81067K [0x0000000080000000, 0x0000000087a00000, 0x00000000d5580000)
  object space 124928K, 64% used [0x0000000080000000,0x0000000084f2ae40,0x0000000087a00000)
 Metaspace       used 91977K, capacity 97088K, committed 97176K, reserved 1134592K
  class space    used 11953K, capacity 12950K, committed 12976K, reserved 1048576K
Event: 4251.899 GC heap after
Heap after GC invocations=18 (full 3):
 PSYoungGen      total 540672K, used 31720K [0x00000000d5580000, 0x00000000f9780000, 0x0000000100000000)
  eden space 508928K, 0% used [0x00000000d5580000,0x00000000d5580000,0x00000000f4680000)
  from space 31744K, 99% used [0x00000000f5f80000,0x00000000f7e7a110,0x00000000f7e80000)
  to   space 25600K, 0% used [0x00000000f7e80000,0x00000000f7e80000,0x00000000f9780000)
 ParOldGen       total 124928K, used 94248K [0x0000000080000000, 0x0000000087a00000, 0x00000000d5580000)
  object space 124928K, 75% used [0x0000000080000000,0x0000000085c0a080,0x0000000087a00000)
 Metaspace       used 91977K, capacity 97088K, committed 97176K, reserved 1134592K
  class space    used 11953K, capacity 12950K, committed 12976K, reserved 1048576K
}
Event: 4252.831 GC heap before
{Heap before GC invocations=19 (full 3):
 PSYoungGen      total 540672K, used 64661K [0x00000000d5580000, 0x00000000f9780000, 0x0000000100000000)
  eden space 508928K, 6% used [0x00000000d5580000,0x00000000d75ab678,0x00000000f4680000)
  from space 31744K, 99% used [0x00000000f5f80000,0x00000000f7e7a110,0x00000000f7e80000)
  to   space 25600K, 0% used [0x00000000f7e80000,0x00000000f7e80000,0x00000000f9780000)
 ParOldGen       total 124928K, used 94248K [0x0000000080000000, 0x0000000087a00000, 0x00000000d5580000)
  object space 124928K, 75% used [0x0000000080000000,0x0000000085c0a080,0x0000000087a00000)
 Metaspace       used 93286K, capacity 98402K, committed 98584K, reserved 1134592K
  class space    used 12080K, capacity 13085K, committed 13104K, reserved 1048576K
Event: 4252.854 GC heap after
Heap after GC invocations=19 (full 3):
 PSYoungGen      total 550400K, used 2977K [0x00000000d5580000, 0x0000000100000000, 0x0000000100000000)
  eden space 524800K, 0% used [0x00000000d5580000,0x00000000d5580000,0x00000000f5600000)
  from space 25600K, 11% used [0x00000000f7e80000,0x00000000f81687a8,0x00000000f9780000)
  to   space 41472K, 0% used [0x00000000f5600000,0x00000000f5600000,0x00000000f7e80000)
 ParOldGen       total 124928K, used 124151K [0x0000000080000000, 0x0000000087a00000, 0x00000000d5580000)
  object space 124928K, 99% used [0x0000000080000000,0x000000008793ddc0,0x0000000087a00000)
 Metaspace       used 93286K, capacity 98402K, committed 98584K, reserved 1134592K
  class space    used 12080K, capacity 13085K, committed 13104K, reserved 1048576K
}
Event: 4252.854 GC heap before
{Heap before GC invocations=20 (full 4):
 PSYoungGen      total 550400K, used 2977K [0x00000000d5580000, 0x0000000100000000, 0x0000000100000000)
  eden space 524800K, 0% used [0x00000000d5580000,0x00000000d5580000,0x00000000f5600000)
  from space 25600K, 11% used [0x00000000f7e80000,0x00000000f81687a8,0x00000000f9780000)
  to   space 41472K, 0% used [0x00000000f5600000,0x00000000f5600000,0x00000000f7e80000)
 ParOldGen       total 124928K, used 124151K [0x0000000080000000, 0x0000000087a00000, 0x00000000d5580000)
  object space 124928K, 99% used [0x0000000080000000,0x000000008793ddc0,0x0000000087a00000)
 Metaspace       used 93286K, capacity 98402K, committed 98584K, reserved 1134592K
  class space    used 12080K, capacity 13085K, committed 13104K, reserved 1048576K
Event: 4257.207 GC heap after
Heap after GC invocations=20 (full 4):
 PSYoungGen      total 550400K, used 0K [0x00000000d5580000, 0x0000000100000000, 0x0000000100000000)
  eden space 524800K, 0% used [0x00000000d5580000,0x00000000d5580000,0x00000000f5600000)
  from space 25600K, 0% used [0x00000000f7e80000,0x00000000f7e80000,0x00000000f9780000)
  to   space 41472K, 0% used [0x00000000f5600000,0x00000000f5600000,0x00000000f7e80000)
 ParOldGen       total 124928K, used 74719K [0x0000000080000000, 0x0000000087a00000, 0x00000000d5580000)
  object space 124928K, 59% used [0x0000000080000000,0x00000000848f7c30,0x0000000087a00000)
 Metaspace       used 92697K, capacity 96922K, committed 98584K, reserved 1134592K
  class space    used 11907K, capacity 12748K, committed 13104K, reserved 1048576K
}
Event: 4270.862 GC heap before
{Heap before GC invocations=21 (full 4):
 PSYoungGen      total 550400K, used 524513K [0x00000000d5580000, 0x0000000100000000, 0x0000000100000000)
  eden space 524800K, 99% used [0x00000000d5580000,0x00000000f55b8430,0x00000000f5600000)
  from space 25600K, 0% used [0x00000000f7e80000,0x00000000f7e80000,0x00000000f9780000)
  to   space 41472K, 0% used [0x00000000f5600000,0x00000000f5600000,0x00000000f7e80000)
 ParOldGen       total 124928K, used 75220K [0x0000000080000000, 0x0000000087a00000, 0x00000000d5580000)
  object space 124928K, 60% used [0x0000000080000000,0x0000000084975040,0x0000000087a00000)
 Metaspace       used 96811K, capacity 101274K, committed 102168K, reserved 1138688K
  class space    used 12409K, capacity 13304K, committed 13616K, reserved 1048576K
Event: 4270.887 GC heap after
Heap after GC invocations=21 (full 4):
 PSYoungGen      total 566272K, used 41441K [0x00000000d5580000, 0x0000000100000000, 0x0000000100000000)
  eden space 524800K, 0% used [0x00000000d5580000,0x00000000d5580000,0x00000000f5600000)
  from space 41472K, 99% used [0x00000000f5600000,0x00000000f7e784e8,0x00000000f7e80000)
  to   space 54784K, 0% used [0x00000000fca80000,0x00000000fca80000,0x0000000100000000)
 ParOldGen       total 124928K, used 91568K [0x0000000080000000, 0x0000000087a00000, 0x00000000d5580000)
  object space 124928K, 73% used [0x0000000080000000,0x000000008596c280,0x0000000087a00000)
 Metaspace       used 96811K, capacity 101274K, committed 102168K, reserved 1138688K
  class space    used 12409K, capacity 13304K, committed 13616K, reserved 1048576K
}

